action: py35, msg: installpkg
cwd: /Users/nanakochung/Desktop/School/Senior Year/App Sec/assign-2
cmd: '/Users/nanakochung/Desktop/School/Senior Year/App Sec/assign-2/.tox/py35/bin/python' -m pip install --exists-action w .tox/.tmp/package/1/my-tox-tested-package-0.0.1.zip
Processing ./.tox/.tmp/package/1/my-tox-tested-package-0.0.1.zip
Collecting Django>=1.11.0 (from my-tox-tested-package==0.0.1)
  Downloading https://files.pythonhosted.org/packages/b2/79/df0ffea7bf1e02c073c2633702c90f4384645c40a1dd09a308e02ef0c817/Django-2.2.6-py3-none-any.whl (7.5MB)
Collecting djangorestframework>=3.6.0 (from my-tox-tested-package==0.0.1)
  Downloading https://files.pythonhosted.org/packages/33/8e/87a4e0025e3c4736c1dc728905b1b06a94968ce08de15304417acb40e374/djangorestframework-3.10.3-py3-none-any.whl (909kB)
Collecting pytz (from Django>=1.11.0->my-tox-tested-package==0.0.1)
  Downloading https://files.pythonhosted.org/packages/e7/f9/f0b53f88060247251bf481fa6ea62cd0d25bf1b11a87888e53ce5b7c8ad2/pytz-2019.3-py2.py3-none-any.whl (509kB)
Collecting sqlparse (from Django>=1.11.0->my-tox-tested-package==0.0.1)
  Downloading https://files.pythonhosted.org/packages/ef/53/900f7d2a54557c6a37886585a91336520e5539e3ae2423ff1102daf4f3a7/sqlparse-0.3.0-py2.py3-none-any.whl
Building wheels for collected packages: my-tox-tested-package
  Running setup.py bdist_wheel for my-tox-tested-package: started
  Running setup.py bdist_wheel for my-tox-tested-package: finished with status 'done'
  Stored in directory: /Users/nanakochung/Library/Caches/pip/wheels/48/0c/ee/90bf1597a2b79e2ea53619051a853bfc8a83f0523d38ae9837
Successfully built my-tox-tested-package
Installing collected packages: pytz, sqlparse, Django, djangorestframework, my-tox-tested-package
  Found existing installation: my-tox-tested-package 0.0.1
    Not uninstalling my-tox-tested-package at /Users/nanakochung/Desktop/School/Senior Year/App Sec/assign-2, outside environment /Users/nanakochung/Desktop/School/Senior Year/App Sec/assign-2/.tox/py35/bin/..
    Can't uninstall 'my-tox-tested-package'. No files were found to uninstall.
Successfully installed Django-2.2.6 djangorestframework-3.10.3 my-tox-tested-package-0.0.1 pytz-2019.3 sqlparse-0.3.0
You are using pip version 10.0.1, however version 19.3.1 is available.
You should consider upgrading via the 'pip install --upgrade pip' command.
