action: py27, msg: installpkg
cwd: /Users/nanakochung/Desktop/School/Senior Year/App Sec/assign-2
cmd: '/Users/nanakochung/Desktop/School/Senior Year/App Sec/assign-2/.tox/py27/bin/python' -m pip install --exists-action w .tox/.tmp/package/1/my-tox-tested-package-0.0.1.zip
Processing ./.tox/.tmp/package/1/my-tox-tested-package-0.0.1.zip
Collecting Django>=1.11.0 (from my-tox-tested-package==0.0.1)
  Downloading https://files.pythonhosted.org/packages/3c/ed/06a81a65fa00f766f2dbda94d09e946aa65c23e6d7ca3532984627a6c75a/Django-1.11.25-py2.py3-none-any.whl (6.9MB)
Collecting djangorestframework>=3.6.0 (from my-tox-tested-package==0.0.1)
  Downloading https://files.pythonhosted.org/packages/1b/fe/fcebec2a98fbd1548da1c12ce8d7f634a02a9cce350833fa227a625ec624/djangorestframework-3.9.4-py2.py3-none-any.whl (911kB)
Collecting pytz (from Django>=1.11.0->my-tox-tested-package==0.0.1)
  Using cached https://files.pythonhosted.org/packages/e7/f9/f0b53f88060247251bf481fa6ea62cd0d25bf1b11a87888e53ce5b7c8ad2/pytz-2019.3-py2.py3-none-any.whl
Building wheels for collected packages: my-tox-tested-package
  Running setup.py bdist_wheel for my-tox-tested-package: started
  Running setup.py bdist_wheel for my-tox-tested-package: finished with status 'done'
  Stored in directory: /Users/nanakochung/Library/Caches/pip/wheels/48/0c/ee/90bf1597a2b79e2ea53619051a853bfc8a83f0523d38ae9837
Successfully built my-tox-tested-package
Installing collected packages: pytz, Django, djangorestframework, my-tox-tested-package
  Found existing installation: my-tox-tested-package 0.0.1
    Not uninstalling my-tox-tested-package at /Users/nanakochung/Desktop/School/Senior Year/App Sec/assign-2, outside environment /Users/nanakochung/Desktop/School/Senior Year/App Sec/assign-2/.tox/py27/bin/..
    Can't uninstall 'my-tox-tested-package'. No files were found to uninstall.
Successfully installed Django-1.11.25 djangorestframework-3.9.4 my-tox-tested-package-0.0.1 pytz-2019.3
You are using pip version 10.0.1, however version 19.3.1 is available.
You should consider upgrading via the 'pip install --upgrade pip' command.
