action: py36, msg: getenv
cwd: /Users/nanakochung/Desktop/School/Senior Year/App Sec/assign-2
cmd: '/Users/nanakochung/Desktop/School/Senior Year/App Sec/assign-2/.tox/py36/bin/python' -m pip install -rrequirements.txt
Collecting atomicwrites==1.3.0 (from -r requirements.txt (line 1))
  Using cached https://files.pythonhosted.org/packages/52/90/6155aa926f43f2b2a22b01be7241be3bfd1ceaf7d0b3267213e8127d41f4/atomicwrites-1.3.0-py2.py3-none-any.whl
Collecting attrs==19.3.0 (from -r requirements.txt (line 2))
  Using cached https://files.pythonhosted.org/packages/a2/db/4313ab3be961f7a763066401fb77f7748373b6094076ae2bda2806988af6/attrs-19.3.0-py2.py3-none-any.whl
Collecting Click==7.0 (from -r requirements.txt (line 3))
  Using cached https://files.pythonhosted.org/packages/fa/37/45185cb5abbc30d7257104c434fe0b07e5a195a6847506c074527aa599ec/Click-7.0-py2.py3-none-any.whl
Collecting Flask==1.1.1 (from -r requirements.txt (line 4))
  Using cached https://files.pythonhosted.org/packages/9b/93/628509b8d5dc749656a9641f4caf13540e2cdec85276964ff8f43bbb1d3b/Flask-1.1.1-py2.py3-none-any.whl
Collecting html-sanitizer==1.7.3 (from -r requirements.txt (line 5))
  Using cached https://files.pythonhosted.org/packages/51/49/3837d0acf4af8799b2c64b812ccf2d53a5696cfa0091f5b3252415d1d09b/html_sanitizer-1.7.3-py2.py3-none-any.whl
Collecting importlib-metadata==0.23 (from -r requirements.txt (line 6))
  Using cached https://files.pythonhosted.org/packages/f6/d2/40b3fa882147719744e6aa50ac39cf7a22a913cbcba86a0371176c425a3b/importlib_metadata-0.23-py2.py3-none-any.whl
Collecting itsdangerous==1.1.0 (from -r requirements.txt (line 7))
  Using cached https://files.pythonhosted.org/packages/76/ae/44b03b253d6fade317f32c24d100b3b35c2239807046a4c953c7b89fa49e/itsdangerous-1.1.0-py2.py3-none-any.whl
Collecting Jinja2==2.10.3 (from -r requirements.txt (line 8))
  Using cached https://files.pythonhosted.org/packages/65/e0/eb35e762802015cab1ccee04e8a277b03f1d8e53da3ec3106882ec42558b/Jinja2-2.10.3-py2.py3-none-any.whl
Collecting lxml==4.4.1 (from -r requirements.txt (line 9))
  Downloading https://files.pythonhosted.org/packages/32/3f/e4a551ce12890da4bed75000e0e11757ed9d962aeeee862db42092d4ec82/lxml-4.4.1-cp36-cp36m-macosx_10_6_intel.macosx_10_9_intel.macosx_10_9_x86_64.macosx_10_10_intel.macosx_10_10_x86_64.whl (9.0MB)
Collecting MarkupSafe==1.1.1 (from -r requirements.txt (line 10))
  Downloading https://files.pythonhosted.org/packages/f0/00/a6aea33f5598b080b86d6b6d1214b51afe3ffa6100b902d5aa465080083f/MarkupSafe-1.1.1-cp36-cp36m-macosx_10_6_intel.whl
Collecting more-itertools==7.2.0 (from -r requirements.txt (line 11))
  Using cached https://files.pythonhosted.org/packages/45/dc/3241eef99eb45f1def35cf93af35d1cf9ef4c0991792583b8f33ea41b092/more_itertools-7.2.0-py3-none-any.whl
Collecting packaging==19.2 (from -r requirements.txt (line 12))
  Using cached https://files.pythonhosted.org/packages/cf/94/9672c2d4b126e74c4496c6b3c58a8b51d6419267be9e70660ba23374c875/packaging-19.2-py2.py3-none-any.whl
Collecting pluggy==0.13.0 (from -r requirements.txt (line 13))
  Using cached https://files.pythonhosted.org/packages/92/c7/48439f7d5fd6bddb4c04b850bb862b42e3e2b98570040dfaf68aedd8114b/pluggy-0.13.0-py2.py3-none-any.whl
Collecting py==1.8.0 (from -r requirements.txt (line 14))
  Using cached https://files.pythonhosted.org/packages/76/bc/394ad449851729244a97857ee14d7cba61ddb268dce3db538ba2f2ba1f0f/py-1.8.0-py2.py3-none-any.whl
Collecting pyparsing==2.4.2 (from -r requirements.txt (line 15))
  Using cached https://files.pythonhosted.org/packages/11/fa/0160cd525c62d7abd076a070ff02b2b94de589f1a9789774f17d7c54058e/pyparsing-2.4.2-py2.py3-none-any.whl
Collecting pytest==5.2.2 (from -r requirements.txt (line 16))
  Using cached https://files.pythonhosted.org/packages/93/16/f6dec5178f5f4141e80dfc4812a9aba88f5f29ca881f174ab1851181d016/pytest-5.2.2-py3-none-any.whl
Collecting pytest-flask==0.15.0 (from -r requirements.txt (line 17))
  Using cached https://files.pythonhosted.org/packages/a4/3b/d88d4140df2e89543b46a3373393954f7f67eef30f7154c885e72dc6e7ea/pytest_flask-0.15.0-py2.py3-none-any.whl
Collecting six==1.12.0 (from -r requirements.txt (line 18))
  Using cached https://files.pythonhosted.org/packages/73/fb/00a976f728d0d1fecfe898238ce23f502a721c0ac0ecfedb80e0d88c64e9/six-1.12.0-py2.py3-none-any.whl
Collecting soupsieve==1.9.4 (from -r requirements.txt (line 19))
  Using cached https://files.pythonhosted.org/packages/5d/42/d821581cf568e9b7dfc5b415aa61952b0f5e3dede4f3cbd650e3a1082992/soupsieve-1.9.4-py2.py3-none-any.whl
Collecting wcwidth==0.1.7 (from -r requirements.txt (line 20))
  Using cached https://files.pythonhosted.org/packages/7e/9f/526a6947247599b084ee5232e4f9190a38f398d7300d866af3ab571a5bfe/wcwidth-0.1.7-py2.py3-none-any.whl
Collecting Werkzeug==0.16.0 (from -r requirements.txt (line 21))
  Using cached https://files.pythonhosted.org/packages/ce/42/3aeda98f96e85fd26180534d36570e4d18108d62ae36f87694b476b83d6f/Werkzeug-0.16.0-py2.py3-none-any.whl
Collecting zipp==0.6.0 (from -r requirements.txt (line 22))
  Using cached https://files.pythonhosted.org/packages/74/3d/1ee25a26411ba0401b43c6376d2316a71addcc72ef8690b101b4ea56d76a/zipp-0.6.0-py2.py3-none-any.whl
Collecting beautifulsoup4 (from html-sanitizer==1.7.3->-r requirements.txt (line 5))
  Using cached https://files.pythonhosted.org/packages/3b/c8/a55eb6ea11cd7e5ac4bacdf92bac4693b90d3ba79268be16527555e186f0/beautifulsoup4-4.8.1-py3-none-any.whl
Installing collected packages: atomicwrites, attrs, Click, MarkupSafe, Jinja2, Werkzeug, itsdangerous, Flask, lxml, soupsieve, beautifulsoup4, html-sanitizer, more-itertools, zipp, importlib-metadata, pyparsing, six, packaging, pluggy, py, wcwidth, pytest, pytest-flask
Successfully installed Click-7.0 Flask-1.1.1 Jinja2-2.10.3 MarkupSafe-1.1.1 Werkzeug-0.16.0 atomicwrites-1.3.0 attrs-19.3.0 beautifulsoup4-4.8.1 html-sanitizer-1.7.3 importlib-metadata-0.23 itsdangerous-1.1.0 lxml-4.4.1 more-itertools-7.2.0 packaging-19.2 pluggy-0.13.0 py-1.8.0 pyparsing-2.4.2 pytest-5.2.2 pytest-flask-0.15.0 six-1.12.0 soupsieve-1.9.4 wcwidth-0.1.7 zipp-0.6.0
