action: py36, msg: envreport
cwd: /Users/nanakochung/Desktop/School/Senior Year/App Sec/assign-2
cmd: '/Users/nanakochung/Desktop/School/Senior Year/App Sec/assign-2/.tox/py36/bin/python' -m pip freeze
atomicwrites==1.3.0
attrs==19.3.0
beautifulsoup4==4.8.1
Click==7.0
Flask==1.1.1
html-sanitizer==1.7.3
importlib-metadata==0.23
itsdangerous==1.1.0
Jinja2==2.10.3
lxml==4.4.1
MarkupSafe==1.1.1
more-itertools==7.2.0
packaging==19.2
pluggy==0.13.0
py==1.8.0
pyparsing==2.4.2
pytest==5.2.2
pytest-flask==0.15.0
six==1.12.0
soupsieve==1.9.4
wcwidth==0.1.7
Werkzeug==0.16.0
zipp==0.6.0
